set-admin@raspberrypi:~/testing $ python3 sample.py
⬇️ Downloading HEF from https://hailo-model-zoo.s3.eu-west-2.amazonaws.com/ModelZoo/Compiled/v2.13.0/hailo8l/yolov8n.hef ...
✅ HEF downloaded.
✅ Hailo platform detected
❌ Failed to load HEF or configure Hailo: InferVStreams.__init__() missing 2 required positional arguments: 'input_vstreams_params' and 'output_vstreams_params'
Traceback (most recent call last):
  File "/home/set-admin/testing/sample.py", line 61, in <module>
    infer = InferVStreams(network)
TypeError: InferVStreams.__init__() missing 2 required positional arguments: 'input_vstreams_params' and 'output_vstreams_params'

During handling of the above exception, another exception occurred:

Traceback (most recent call last):
  File "/home/set-admin/testing/sample.py", line 66, in <module>
    from ultralytics import YOLO
ModuleNotFoundError: No module named 'ultralytics'
